<?xml version="1.0" encoding="UTF-8"?>
<!-- Generated by org.testng.reporters.JUnitReportReporter -->
<testsuite skipped="0" hostname="DESKTOP-257VOMS" name="App.TestRunner.ExperiBankTestRunner" tests="2" failures="0" timestamp="2023-03-23T18:41:28 BDT" time="31.825" errors="1">
  <testcase name="runScenario" time="15.468" classname="App.TestRunner.ExperiBankTestRunner">
    <error type="org.openqa.selenium.NoAlertPresentException" message="No alert is present on the screen
Build info: version: &#039;4.7.0&#039;, revision: &#039;0a5b49d16f&#039;
System info: os.name: &#039;Windows 10&#039;, os.arch: &#039;amd64&#039;, os.version: &#039;10.0&#039;, java.version: &#039;1.8.0_202&#039;
Driver info: io.appium.java_client.android.AndroidDriver
Command: [6fdc501b-cebb-472e-8f2e-e816eb279168, getAlertText {}]
Capabilities {appium:appActivity: .LoginActivity, appium:appPackage: com.experitest.ExperiBank, appium:databaseEnabled: false, appium:desired: {appActivity: .LoginActivity, appPackage: com.experitest.ExperiBank, deviceName: vivo 1818, platformName: android, platformVersion: 11.0, udid: 87beccc2}, appium:deviceApiLevel: 30, appium:deviceManufacturer: vivo, appium:deviceModel: vivo 1818, appium:deviceName: 87beccc2, appium:deviceScreenDensity: 480, appium:deviceScreenSize: 1080x2340, appium:deviceUDID: 87beccc2, appium:javascriptEnabled: true, appium:locationContextEnabled: false, appium:networkConnectionEnabled: true, appium:pixelRatio: 3, appium:platformVersion: 11, appium:statBarHeight: 84, appium:takesScreenshot: true, appium:udid: 87beccc2, appium:viewportRect: {height: 2130, left: 0, top: 84, width: 1080}, appium:warnings: {}, appium:webStorageEnabled: false, platformName: ANDROID}
Session ID: 6fdc501b-cebb-472e-8f2e-e816eb279168">
      <![CDATA[org.openqa.selenium.NoAlertPresentException: No alert is present on the screen
Build info: version: '4.7.0', revision: '0a5b49d16f'
System info: os.name: 'Windows 10', os.arch: 'amd64', os.version: '10.0', java.version: '1.8.0_202'
Driver info: io.appium.java_client.android.AndroidDriver
Command: [6fdc501b-cebb-472e-8f2e-e816eb279168, getAlertText {}]
Capabilities {appium:appActivity: .LoginActivity, appium:appPackage: com.experitest.ExperiBank, appium:databaseEnabled: false, appium:desired: {appActivity: .LoginActivity, appPackage: com.experitest.ExperiBank, deviceName: vivo 1818, platformName: android, platformVersion: 11.0, udid: 87beccc2}, appium:deviceApiLevel: 30, appium:deviceManufacturer: vivo, appium:deviceModel: vivo 1818, appium:deviceName: 87beccc2, appium:deviceScreenDensity: 480, appium:deviceScreenSize: 1080x2340, appium:deviceUDID: 87beccc2, appium:javascriptEnabled: true, appium:locationContextEnabled: false, appium:networkConnectionEnabled: true, appium:pixelRatio: 3, appium:platformVersion: 11, appium:statBarHeight: 84, appium:takesScreenshot: true, appium:udid: 87beccc2, appium:viewportRect: {height: 2130, left: 0, top: 84, width: 1080}, appium:warnings: {}, appium:webStorageEnabled: false, platformName: ANDROID}
Session ID: 6fdc501b-cebb-472e-8f2e-e816eb279168
at sun.reflect.NativeConstructorAccessorImpl.newInstance0(Native Method)
at sun.reflect.NativeConstructorAccessorImpl.newInstance(NativeConstructorAccessorImpl.java:62)
at sun.reflect.DelegatingConstructorAccessorImpl.newInstance(DelegatingConstructorAccessorImpl.java:45)
at java.lang.reflect.Constructor.newInstance(Constructor.java:423)
at org.openqa.selenium.remote.codec.w3c.W3CHttpResponseCodec.createException(W3CHttpResponseCodec.java:200)
at org.openqa.selenium.remote.codec.w3c.W3CHttpResponseCodec.decode(W3CHttpResponseCodec.java:133)
at org.openqa.selenium.remote.codec.w3c.W3CHttpResponseCodec.decode(W3CHttpResponseCodec.java:53)
at org.openqa.selenium.remote.HttpCommandExecutor.execute(HttpCommandExecutor.java:184)
at io.appium.java_client.remote.AppiumCommandExecutor.execute(AppiumCommandExecutor.java:262)
at org.openqa.selenium.remote.RemoteWebDriver.execute(RemoteWebDriver.java:541)
at org.openqa.selenium.remote.RemoteWebDriver.execute(RemoteWebDriver.java:596)
at io.appium.java_client.AppiumDriver.execute(AppiumDriver.java:272)
at org.openqa.selenium.remote.RemoteWebDriver$RemoteTargetLocator.alert(RemoteWebDriver.java:1078)
at App.POM.AppElements.AlertForPayment(AppElements.java:79)
at App.StepDefinition.EB2MakePaymentStepDefs.userClosesTheAlertSelectingOkAndConfirmsPayment(EB2MakePaymentStepDefs.java:39)
at ✽.user closes the alert selecting ok and confirms payment(file:///F:/HybridFrameworkCucumber/src/test/resources/Feature/App/EB2MakePayment.feature:9)
]]>
    </error>
  </testcase> <!-- runScenario -->
  <system-out/>
  <testcase name="runScenario" time="16.357" classname="App.TestRunner.ExperiBankTestRunner"/>
  <system-out/>
</testsuite> <!-- App.TestRunner.ExperiBankTestRunner -->
