<?xml version="1.0" encoding="UTF-8"?>
<testng-results skipped="0" failed="1" ignored="0" total="9" passed="8">
  <reporter-output>
  </reporter-output>
  <suite name="Gradle suite" duration-ms="60483" started-at="2023-03-23T18:40:28 BDT" finished-at="2023-03-23T18:41:28 BDT">
    <groups>
      <group name="cucumber">
        <method signature="AbstractTestNGCucumberTests.runScenario(io.cucumber.testng.PickleWrapper, io.cucumber.testng.FeatureWrapper)[pri:0, instance:Api.TestRunner.GetApiTestRunner@1ab3a8c8]" name="runScenario" class="io.cucumber.testng.AbstractTestNGCucumberTests"/>
        <method signature="AbstractTestNGCucumberTests.runScenario(io.cucumber.testng.PickleWrapper, io.cucumber.testng.FeatureWrapper)[pri:0, instance:Api.TestRunner.PatchApiRunnerTests@43195e57]" name="runScenario" class="io.cucumber.testng.AbstractTestNGCucumberTests"/>
        <method signature="AbstractTestNGCucumberTests.runScenario(io.cucumber.testng.PickleWrapper, io.cucumber.testng.FeatureWrapper)[pri:0, instance:Api.TestRunner.PostApiRunnerTests@333291e3]" name="runScenario" class="io.cucumber.testng.AbstractTestNGCucumberTests"/>
        <method signature="AbstractTestNGCucumberTests.runScenario(io.cucumber.testng.PickleWrapper, io.cucumber.testng.FeatureWrapper)[pri:0, instance:Api.TestRunner.PutApiRunnerTests@479d31f3]" name="runScenario" class="io.cucumber.testng.AbstractTestNGCucumberTests"/>
        <method signature="AbstractTestNGCucumberTests.runScenario(io.cucumber.testng.PickleWrapper, io.cucumber.testng.FeatureWrapper)[pri:0, instance:App.TestRunner.ExperiBankTestRunner@40ef3420]" name="runScenario" class="io.cucumber.testng.AbstractTestNGCucumberTests"/>
        <method signature="AbstractTestNGCucumberTests.runScenario(io.cucumber.testng.PickleWrapper, io.cucumber.testng.FeatureWrapper)[pri:0, instance:Web.TestRunner.XYZBankTestRunner@498d318c]" name="runScenario" class="io.cucumber.testng.AbstractTestNGCucumberTests"/>
      </group> <!-- cucumber -->
    </groups>
    <test name="Gradle test" duration-ms="60483" started-at="2023-03-23T18:40:28 BDT" finished-at="2023-03-23T18:41:28 BDT">
      <class name="Api.TestRunner.PostApiRunnerTests">
        <test-method status="PASS" signature="setUpClass()[pri:0, instance:Api.TestRunner.PostApiRunnerTests@333291e3]" name="setUpClass" is-config="true" duration-ms="8" started-at="2023-03-23T18:40:30 BDT" finished-at="2023-03-23T18:40:30 BDT">
          <reporter-output>
          </reporter-output>
        </test-method> <!-- setUpClass -->
        <test-method status="PASS" signature="runScenario(io.cucumber.testng.PickleWrapper, io.cucumber.testng.FeatureWrapper)[pri:0, instance:Api.TestRunner.PostApiRunnerTests@333291e3]" name="runScenario" duration-ms="717" started-at="2023-03-23T18:40:30 BDT" description="Runs Cucumber Scenarios" data-provider="scenarios" finished-at="2023-03-23T18:40:31 BDT">
          <params>
            <param index="0">
              <value>
                <![CDATA[""]]>
              </value>
            </param>
            <param index="1">
              <value>
                <![CDATA["Optional[User Registration]"]]>
              </value>
            </param>
          </params>
          <reporter-output>
          </reporter-output>
        </test-method> <!-- runScenario -->
        <test-method status="PASS" signature="tearDownClass()[pri:0, instance:Api.TestRunner.PostApiRunnerTests@333291e3]" name="tearDownClass" is-config="true" duration-ms="23" started-at="2023-03-23T18:40:31 BDT" finished-at="2023-03-23T18:40:31 BDT">
          <reporter-output>
          </reporter-output>
        </test-method> <!-- tearDownClass -->
      </class> <!-- Api.TestRunner.PostApiRunnerTests -->
      <class name="Api.TestRunner.PatchApiRunnerTests">
        <test-method status="PASS" signature="setUpClass()[pri:0, instance:Api.TestRunner.PatchApiRunnerTests@43195e57]" name="setUpClass" is-config="true" duration-ms="11" started-at="2023-03-23T18:40:30 BDT" finished-at="2023-03-23T18:40:30 BDT">
          <reporter-output>
          </reporter-output>
        </test-method> <!-- setUpClass -->
        <test-method status="PASS" signature="runScenario(io.cucumber.testng.PickleWrapper, io.cucumber.testng.FeatureWrapper)[pri:0, instance:Api.TestRunner.PatchApiRunnerTests@43195e57]" name="runScenario" duration-ms="731" started-at="2023-03-23T18:40:30 BDT" description="Runs Cucumber Scenarios" data-provider="scenarios" finished-at="2023-03-23T18:40:30 BDT">
          <params>
            <param index="0">
              <value>
                <![CDATA[""]]>
              </value>
            </param>
            <param index="1">
              <value>
                <![CDATA["Optional.empty"]]>
              </value>
            </param>
          </params>
          <reporter-output>
          </reporter-output>
        </test-method> <!-- runScenario -->
        <test-method status="PASS" signature="tearDownClass()[pri:0, instance:Api.TestRunner.PatchApiRunnerTests@43195e57]" name="tearDownClass" is-config="true" duration-ms="30" started-at="2023-03-23T18:40:30 BDT" finished-at="2023-03-23T18:40:30 BDT">
          <reporter-output>
          </reporter-output>
        </test-method> <!-- tearDownClass -->
      </class> <!-- Api.TestRunner.PatchApiRunnerTests -->
      <class name="Api.TestRunner.PutApiRunnerTests">
        <test-method status="PASS" signature="setUpClass()[pri:0, instance:Api.TestRunner.PutApiRunnerTests@479d31f3]" name="setUpClass" is-config="true" duration-ms="7" started-at="2023-03-23T18:40:31 BDT" finished-at="2023-03-23T18:40:31 BDT">
          <reporter-output>
          </reporter-output>
        </test-method> <!-- setUpClass -->
        <test-method status="PASS" signature="runScenario(io.cucumber.testng.PickleWrapper, io.cucumber.testng.FeatureWrapper)[pri:0, instance:Api.TestRunner.PutApiRunnerTests@479d31f3]" name="runScenario" duration-ms="710" started-at="2023-03-23T18:40:31 BDT" description="Runs Cucumber Scenarios" data-provider="scenarios" finished-at="2023-03-23T18:40:32 BDT">
          <params>
            <param index="0">
              <value>
                <![CDATA[""]]>
              </value>
            </param>
            <param index="1">
              <value>
                <![CDATA["Optional.empty"]]>
              </value>
            </param>
          </params>
          <reporter-output>
          </reporter-output>
        </test-method> <!-- runScenario -->
        <test-method status="PASS" signature="tearDownClass()[pri:0, instance:Api.TestRunner.PutApiRunnerTests@479d31f3]" name="tearDownClass" is-config="true" duration-ms="16" started-at="2023-03-23T18:40:32 BDT" finished-at="2023-03-23T18:40:32 BDT">
          <reporter-output>
          </reporter-output>
        </test-method> <!-- tearDownClass -->
      </class> <!-- Api.TestRunner.PutApiRunnerTests -->
      <class name="Web.TestRunner.XYZBankTestRunner">
        <test-method status="PASS" signature="setUpClass()[pri:0, instance:Web.TestRunner.XYZBankTestRunner@498d318c]" name="setUpClass" is-config="true" duration-ms="13" started-at="2023-03-23T18:41:04 BDT" finished-at="2023-03-23T18:41:04 BDT">
          <reporter-output>
          </reporter-output>
        </test-method> <!-- setUpClass -->
        <test-method status="PASS" signature="runScenario(io.cucumber.testng.PickleWrapper, io.cucumber.testng.FeatureWrapper)[pri:0, instance:Web.TestRunner.XYZBankTestRunner@498d318c]" name="runScenario" duration-ms="10470" started-at="2023-03-23T18:41:04 BDT" description="Runs Cucumber Scenarios" data-provider="scenarios" finished-at="2023-03-23T18:41:14 BDT">
          <params>
            <param index="0">
              <value>
                <![CDATA["Manager adds a customer"]]>
              </value>
            </param>
            <param index="1">
              <value>
                <![CDATA["Optional[Bank Manager Login (addCustomer)]"]]>
              </value>
            </param>
          </params>
          <reporter-output>
          </reporter-output>
        </test-method> <!-- runScenario -->
        <test-method status="PASS" signature="runScenario(io.cucumber.testng.PickleWrapper, io.cucumber.testng.FeatureWrapper)[pri:0, instance:Web.TestRunner.XYZBankTestRunner@498d318c]" name="runScenario" duration-ms="6583" started-at="2023-03-23T18:41:14 BDT" description="Runs Cucumber Scenarios" data-provider="scenarios" finished-at="2023-03-23T18:41:21 BDT">
          <params>
            <param index="0">
              <value>
                <![CDATA["Manager opens an account by linking newly created customer"]]>
              </value>
            </param>
            <param index="1">
              <value>
                <![CDATA["Optional[Bank Manager Login (openAccount)]"]]>
              </value>
            </param>
          </params>
          <reporter-output>
          </reporter-output>
        </test-method> <!-- runScenario -->
        <test-method status="PASS" signature="runScenario(io.cucumber.testng.PickleWrapper, io.cucumber.testng.FeatureWrapper)[pri:0, instance:Web.TestRunner.XYZBankTestRunner@498d318c]" name="runScenario" duration-ms="7437" started-at="2023-03-23T18:41:21 BDT" description="Runs Cucumber Scenarios" data-provider="scenarios" finished-at="2023-03-23T18:41:28 BDT">
          <params>
            <param index="0">
              <value>
                <![CDATA["Manager deletes the new customer"]]>
              </value>
            </param>
            <param index="1">
              <value>
                <![CDATA["Optional[Bank Manager Login (deleteCustomer)]"]]>
              </value>
            </param>
          </params>
          <reporter-output>
          </reporter-output>
        </test-method> <!-- runScenario -->
        <test-method status="PASS" signature="tearDownClass()[pri:0, instance:Web.TestRunner.XYZBankTestRunner@498d318c]" name="tearDownClass" is-config="true" duration-ms="12" started-at="2023-03-23T18:41:28 BDT" finished-at="2023-03-23T18:41:28 BDT">
          <reporter-output>
          </reporter-output>
        </test-method> <!-- tearDownClass -->
      </class> <!-- Web.TestRunner.XYZBankTestRunner -->
      <class name="Api.TestRunner.GetApiTestRunner">
        <test-method status="PASS" signature="setUpClass()[pri:0, instance:Api.TestRunner.GetApiTestRunner@1ab3a8c8]" name="setUpClass" is-config="true" duration-ms="303" started-at="2023-03-23T18:40:28 BDT" finished-at="2023-03-23T18:40:28 BDT">
          <reporter-output>
          </reporter-output>
        </test-method> <!-- setUpClass -->
        <test-method status="PASS" signature="runScenario(io.cucumber.testng.PickleWrapper, io.cucumber.testng.FeatureWrapper)[pri:0, instance:Api.TestRunner.GetApiTestRunner@1ab3a8c8]" name="runScenario" duration-ms="1465" started-at="2023-03-23T18:40:28 BDT" description="Runs Cucumber Scenarios" data-provider="scenarios" finished-at="2023-03-23T18:40:30 BDT">
          <params>
            <param index="0">
              <value>
                <![CDATA["get api check of pages"]]>
              </value>
            </param>
            <param index="1">
              <value>
                <![CDATA["Optional.empty"]]>
              </value>
            </param>
          </params>
          <reporter-output>
          </reporter-output>
        </test-method> <!-- runScenario -->
        <test-method status="PASS" signature="tearDownClass()[pri:0, instance:Api.TestRunner.GetApiTestRunner@1ab3a8c8]" name="tearDownClass" is-config="true" duration-ms="23" started-at="2023-03-23T18:40:30 BDT" finished-at="2023-03-23T18:40:30 BDT">
          <reporter-output>
          </reporter-output>
        </test-method> <!-- tearDownClass -->
      </class> <!-- Api.TestRunner.GetApiTestRunner -->
      <class name="App.TestRunner.ExperiBankTestRunner">
        <test-method status="PASS" signature="setUpClass()[pri:0, instance:App.TestRunner.ExperiBankTestRunner@40ef3420]" name="setUpClass" is-config="true" duration-ms="59" started-at="2023-03-23T18:40:32 BDT" finished-at="2023-03-23T18:40:32 BDT">
          <reporter-output>
          </reporter-output>
        </test-method> <!-- setUpClass -->
        <test-method status="PASS" signature="runScenario(io.cucumber.testng.PickleWrapper, io.cucumber.testng.FeatureWrapper)[pri:0, instance:App.TestRunner.ExperiBankTestRunner@40ef3420]" name="runScenario" duration-ms="16357" started-at="2023-03-23T18:40:32 BDT" description="Runs Cucumber Scenarios" data-provider="scenarios" finished-at="2023-03-23T18:40:48 BDT">
          <params>
            <param index="0">
              <value>
                <![CDATA["user login"]]>
              </value>
            </param>
            <param index="1">
              <value>
                <![CDATA["Optional[AppTest]"]]>
              </value>
            </param>
          </params>
          <reporter-output>
          </reporter-output>
        </test-method> <!-- runScenario -->
        <test-method status="FAIL" signature="runScenario(io.cucumber.testng.PickleWrapper, io.cucumber.testng.FeatureWrapper)[pri:0, instance:App.TestRunner.ExperiBankTestRunner@40ef3420]" name="runScenario" duration-ms="15468" started-at="2023-03-23T18:40:48 BDT" description="Runs Cucumber Scenarios" data-provider="scenarios" finished-at="2023-03-23T18:41:04 BDT">
          <params>
            <param index="0">
              <value>
                <![CDATA[""]]>
              </value>
            </param>
            <param index="1">
              <value>
                <![CDATA["Optional.empty"]]>
              </value>
            </param>
          </params>
          <exception class="org.openqa.selenium.NoAlertPresentException">
            <message>
              <![CDATA[No alert is present on the screen
Build info: version: '4.7.0', revision: '0a5b49d16f'
System info: os.name: 'Windows 10', os.arch: 'amd64', os.version: '10.0', java.version: '1.8.0_202'
Driver info: io.appium.java_client.android.AndroidDriver
Command: [6fdc501b-cebb-472e-8f2e-e816eb279168, getAlertText {}]
Capabilities {appium:appActivity: .LoginActivity, appium:appPackage: com.experitest.ExperiBank, appium:databaseEnabled: false, appium:desired: {appActivity: .LoginActivity, appPackage: com.experitest.ExperiBank, deviceName: vivo 1818, platformName: android, platformVersion: 11.0, udid: 87beccc2}, appium:deviceApiLevel: 30, appium:deviceManufacturer: vivo, appium:deviceModel: vivo 1818, appium:deviceName: 87beccc2, appium:deviceScreenDensity: 480, appium:deviceScreenSize: 1080x2340, appium:deviceUDID: 87beccc2, appium:javascriptEnabled: true, appium:locationContextEnabled: false, appium:networkConnectionEnabled: true, appium:pixelRatio: 3, appium:platformVersion: 11, appium:statBarHeight: 84, appium:takesScreenshot: true, appium:udid: 87beccc2, appium:viewportRect: {height: 2130, left: 0, top: 84, width: 1080}, appium:warnings: {}, appium:webStorageEnabled: false, platformName: ANDROID}
Session ID: 6fdc501b-cebb-472e-8f2e-e816eb279168]]>
            </message>
            <full-stacktrace>
              <![CDATA[org.openqa.selenium.NoAlertPresentException: No alert is present on the screen
Build info: version: '4.7.0', revision: '0a5b49d16f'
System info: os.name: 'Windows 10', os.arch: 'amd64', os.version: '10.0', java.version: '1.8.0_202'
Driver info: io.appium.java_client.android.AndroidDriver
Command: [6fdc501b-cebb-472e-8f2e-e816eb279168, getAlertText {}]
Capabilities {appium:appActivity: .LoginActivity, appium:appPackage: com.experitest.ExperiBank, appium:databaseEnabled: false, appium:desired: {appActivity: .LoginActivity, appPackage: com.experitest.ExperiBank, deviceName: vivo 1818, platformName: android, platformVersion: 11.0, udid: 87beccc2}, appium:deviceApiLevel: 30, appium:deviceManufacturer: vivo, appium:deviceModel: vivo 1818, appium:deviceName: 87beccc2, appium:deviceScreenDensity: 480, appium:deviceScreenSize: 1080x2340, appium:deviceUDID: 87beccc2, appium:javascriptEnabled: true, appium:locationContextEnabled: false, appium:networkConnectionEnabled: true, appium:pixelRatio: 3, appium:platformVersion: 11, appium:statBarHeight: 84, appium:takesScreenshot: true, appium:udid: 87beccc2, appium:viewportRect: {height: 2130, left: 0, top: 84, width: 1080}, appium:warnings: {}, appium:webStorageEnabled: false, platformName: ANDROID}
Session ID: 6fdc501b-cebb-472e-8f2e-e816eb279168
at sun.reflect.NativeConstructorAccessorImpl.newInstance0(Native Method)
at sun.reflect.NativeConstructorAccessorImpl.newInstance(NativeConstructorAccessorImpl.java:62)
at sun.reflect.DelegatingConstructorAccessorImpl.newInstance(DelegatingConstructorAccessorImpl.java:45)
at java.lang.reflect.Constructor.newInstance(Constructor.java:423)
at org.openqa.selenium.remote.codec.w3c.W3CHttpResponseCodec.createException(W3CHttpResponseCodec.java:200)
at org.openqa.selenium.remote.codec.w3c.W3CHttpResponseCodec.decode(W3CHttpResponseCodec.java:133)
at org.openqa.selenium.remote.codec.w3c.W3CHttpResponseCodec.decode(W3CHttpResponseCodec.java:53)
at org.openqa.selenium.remote.HttpCommandExecutor.execute(HttpCommandExecutor.java:184)
at io.appium.java_client.remote.AppiumCommandExecutor.execute(AppiumCommandExecutor.java:262)
at org.openqa.selenium.remote.RemoteWebDriver.execute(RemoteWebDriver.java:541)
at org.openqa.selenium.remote.RemoteWebDriver.execute(RemoteWebDriver.java:596)
at io.appium.java_client.AppiumDriver.execute(AppiumDriver.java:272)
at org.openqa.selenium.remote.RemoteWebDriver$RemoteTargetLocator.alert(RemoteWebDriver.java:1078)
at App.POM.AppElements.AlertForPayment(AppElements.java:79)
at App.StepDefinition.EB2MakePaymentStepDefs.userClosesTheAlertSelectingOkAndConfirmsPayment(EB2MakePaymentStepDefs.java:39)
at ✽.user closes the alert selecting ok and confirms payment(file:///F:/HybridFrameworkCucumber/src/test/resources/Feature/App/EB2MakePayment.feature:9)
]]>
            </full-stacktrace>
          </exception> <!-- org.openqa.selenium.NoAlertPresentException -->
          <reporter-output>
          </reporter-output>
        </test-method> <!-- runScenario -->
        <test-method status="PASS" signature="tearDownClass()[pri:0, instance:App.TestRunner.ExperiBankTestRunner@40ef3420]" name="tearDownClass" is-config="true" duration-ms="12" started-at="2023-03-23T18:41:04 BDT" finished-at="2023-03-23T18:41:04 BDT">
          <reporter-output>
          </reporter-output>
        </test-method> <!-- tearDownClass -->
      </class> <!-- App.TestRunner.ExperiBankTestRunner -->
    </test> <!-- Gradle test -->
  </suite> <!-- Gradle suite -->
</testng-results>
